<?xml version="1.0" encoding="UTF-8"?>
<!-- Generated by org.testng.reporters.JUnitXMLReporter -->
<testsuite ignored="0" hostname="DESKTOP-PTDKR5H" failures="1" tests="3" name="TestA" time="0.093" errors="0" timestamp="2025-10-30T07:49:24 IST">
  <testcase classname="day22.DemoF" name="shopping" time="0.023"/>
  <testcase classname="day22.DemoF" name="checkOut" time="0.006">
    <failure type="java.lang.AssertionError" message="null">
      <![CDATA[java.lang.AssertionError: null
at day22.DemoF.checkOut(DemoF.java:28)
at java.base/java.util.ArrayList.forEach(ArrayList.java:1597)
... Removed 27 stack frames]]>
    </failure>
  </testcase> <!-- checkOut -->
  <testcase classname="day22.DemoF" name="paymentGateWay" time="0.003">
    <skipped/>
  </testcase> <!-- paymentGateWay -->
</testsuite> <!-- TestA -->
