<?xml version="1.0" encoding="UTF-8"?>
<!-- Generated by org.testng.reporters.JUnitXMLReporter -->
<testsuite ignored="0" hostname="DESKTOP-PTDKR5H" failures="1" tests="3" name="TestA" time="0.081" errors="0" timestamp="2025-10-28T08:36:30 IST">
  <testcase classname="day22.DemoF" name="shopping" time="0.018"/>
  <testcase classname="day22.DemoF" name="checkOut" time="0.005">
    <failure type="java.lang.AssertionError" message="null">
      <![CDATA[java.lang.AssertionError: null
at day22.DemoF.checkOut(DemoF.java:18)
at java.base/java.util.ArrayList.forEach(ArrayList.java:1597)
... Removed 27 stack frames]]>
    </failure>
  </testcase> <!-- checkOut -->
  <testcase classname="day22.DemoF" name="paymentGateWay" time="0.001">
    <skipped/>
  </testcase> <!-- paymentGateWay -->
</testsuite> <!-- TestA -->
