<?xml version="1.0" encoding="UTF-8"?>
<testng-results ignored="0" total="1" passed="1" failed="0" skipped="0">
  <reporter-output>
  </reporter-output>
  <suite started-at="2025-10-27T08:29:12 IST" name="Default suite" finished-at="2025-10-27T08:29:12 IST" duration-ms="67">
    <groups>
    </groups>
    <test started-at="2025-10-27T08:29:12 IST" name="Default test" finished-at="2025-10-27T08:29:12 IST" duration-ms="67">
      <class name="day21.DemoC">
        <test-method signature="validateTitle()[pri:0, instance:day21.DemoC@5b12b668]" started-at="2025-10-27T08:29:12 IST" name="validateTitle" finished-at="2025-10-27T08:29:12 IST" duration-ms="14" status="PASS">
          <reporter-output>
          </reporter-output>
        </test-method> <!-- validateTitle -->
      </class> <!-- day21.DemoC -->
    </test> <!-- Default test -->
  </suite> <!-- Default suite -->
</testng-results>
