<?xml version="1.0" encoding="UTF-8"?>
<testng-results ignored="0" total="3" passed="3" failed="0" skipped="0">
  <reporter-output>
    <line>
      <![CDATA[Executing testB() from DemoA]]>
    </line>
    <line>
      <![CDATA[Executing testA() from DemoA]]>
    </line>
    <line>
      <![CDATA[Executing testC() from DemoB]]>
    </line>
  </reporter-output>
  <suite started-at="2025-10-26T09:26:21 IST" name="Suite" finished-at="2025-10-26T09:26:21 IST" duration-ms="83">
    <groups>
    </groups>
    <test started-at="2025-10-26T09:26:21 IST" name="Test" finished-at="2025-10-26T09:26:21 IST" duration-ms="83">
      <class name="day20.DemoA">
        <test-method signature="testB()[pri:0, instance:day20.DemoA@7586beff]" started-at="2025-10-26T09:26:21 IST" name="testB" finished-at="2025-10-26T09:26:21 IST" duration-ms="17" status="PASS">
          <reporter-output>
            <line>
              <![CDATA[Executing testB() from DemoA]]>
            </line>
          </reporter-output>
        </test-method> <!-- testB -->
        <test-method signature="testA()[pri:1, instance:day20.DemoA@7586beff]" started-at="2025-10-26T09:26:21 IST" name="testA" finished-at="2025-10-26T09:26:21 IST" duration-ms="3" status="PASS">
          <reporter-output>
            <line>
              <![CDATA[Executing testA() from DemoA]]>
            </line>
          </reporter-output>
        </test-method> <!-- testA -->
      </class> <!-- day20.DemoA -->
      <class name="day20.DemoB">
        <test-method signature="testC()[pri:0, instance:day20.DemoB@dd05255]" started-at="2025-10-26T09:26:21 IST" name="testC" finished-at="2025-10-26T09:26:21 IST" duration-ms="2" status="PASS">
          <reporter-output>
            <line>
              <![CDATA[Executing testC() from DemoB]]>
            </line>
          </reporter-output>
        </test-method> <!-- testC -->
      </class> <!-- day20.DemoB -->
    </test> <!-- Test -->
  </suite> <!-- Suite -->
</testng-results>
