<?xml version="1.0" encoding="UTF-8"?>
<testng-results ignored="0" total="3" passed="1" failed="1" skipped="1">
  <reporter-output>
    <line>
      <![CDATA[browserName firefox]]>
    </line>
    <line>
      <![CDATA[url https://demo.automationtesting.in/Register.html]]>
    </line>
    <line>
      <![CDATA[Shopping]]>
    </line>
    <line>
      <![CDATA[<a href='file:///C:/Users/Admin/Desktop/Slenium/fb-inputbox.png'><img src='file:///C:/Users/Admin/Desktop/Slenium/fb-inputbox.png' height=100 width=100> </a>]]>
    </line>
    <line>
      <![CDATA[Test case passed]]>
    </line>
    <line>
      <![CDATA[User Name user1]]>
    </line>
    <line>
      <![CDATA[Password pwd1]]>
    </line>
    <line>
      <![CDATA[<a href='file:///C:/Users/Admin/Desktop/Slenium/fb-inputbox.png'><img src='file:///C:/Users/Admin/Desktop/Slenium/fb-inputbox.png' height=100 width=100> </a>]]>
    </line>
    <line>
      <![CDATA[Test case failed]]>
    </line>
    <line>
      <![CDATA[Test case skipped]]>
    </line>
  </reporter-output>
  <suite started-at="2025-10-30T07:49:24 IST" name="Suite" finished-at="2025-10-30T07:49:24 IST" duration-ms="93">
    <groups>
    </groups>
    <test started-at="2025-10-30T07:49:24 IST" name="TestA" finished-at="2025-10-30T07:49:24 IST" duration-ms="93">
      <class name="day22.DemoF">
        <test-method signature="shopping(java.lang.String,java.lang.String)[pri:0, instance:day22.DemoF@1f2586d6]" started-at="2025-10-30T07:49:24 IST" name="shopping" finished-at="2025-10-30T07:49:24 IST" duration-ms="23" status="PASS">
          <params>
            <param index="0">
              <value>
                <![CDATA[firefox]]>
              </value>
            </param>
            <param index="1">
              <value>
                <![CDATA[https://demo.automationtesting.in/Register.html]]>
              </value>
            </param>
          </params>
          <reporter-output>
            <line>
              <![CDATA[browserName firefox]]>
            </line>
            <line>
              <![CDATA[url https://demo.automationtesting.in/Register.html]]>
            </line>
            <line>
              <![CDATA[Shopping]]>
            </line>
            <line>
              <![CDATA[<a href='file:///C:/Users/Admin/Desktop/Slenium/fb-inputbox.png'><img src='file:///C:/Users/Admin/Desktop/Slenium/fb-inputbox.png' height=100 width=100> </a>]]>
            </line>
            <line>
              <![CDATA[Test case passed]]>
            </line>
          </reporter-output>
        </test-method> <!-- shopping -->
        <test-method signature="checkOut(java.lang.String,java.lang.String)[pri:0, instance:day22.DemoF@1f2586d6]" started-at="2025-10-30T07:49:24 IST" name="checkOut" finished-at="2025-10-30T07:49:24 IST" duration-ms="6" status="FAIL">
          <params>
            <param index="0">
              <value>
                <![CDATA[user1]]>
              </value>
            </param>
            <param index="1">
              <value>
                <![CDATA[pwd1]]>
              </value>
            </param>
          </params>
          <exception class="java.lang.AssertionError">
            <message>
              <![CDATA[null]]>
            </message>
            <full-stacktrace>
              <![CDATA[java.lang.AssertionError: null
at org.testng.Assert.fail(Assert.java:111)
at org.testng.Assert.fail(Assert.java:116)
at day22.DemoF.checkOut(DemoF.java:28)
at java.base/jdk.internal.reflect.DirectMethodHandleAccessor.invoke(DirectMethodHandleAccessor.java:103)
at java.base/java.lang.reflect.Method.invoke(Method.java:580)
at org.testng.internal.invokers.MethodInvocationHelper.invokeMethod(MethodInvocationHelper.java:141)
at org.testng.internal.invokers.TestInvoker.invokeMethod(TestInvoker.java:687)
at org.testng.internal.invokers.TestInvoker.invokeTestMethod(TestInvoker.java:230)
at org.testng.internal.invokers.MethodRunner.runInSequence(MethodRunner.java:63)
at org.testng.internal.invokers.TestInvoker$MethodInvocationAgent.invoke(TestInvoker.java:995)
at org.testng.internal.invokers.TestInvoker.invokeTestMethods(TestInvoker.java:203)
at org.testng.internal.invokers.TestMethodWorker.invokeTestMethods(TestMethodWorker.java:154)
at org.testng.internal.invokers.TestMethodWorker.run(TestMethodWorker.java:134)
at java.base/java.util.ArrayList.forEach(ArrayList.java:1597)
at org.testng.TestRunner.privateRun(TestRunner.java:741)
at org.testng.TestRunner.run(TestRunner.java:616)
at org.testng.SuiteRunner.runTest(SuiteRunner.java:421)
at org.testng.SuiteRunner.runSequentially(SuiteRunner.java:413)
at org.testng.SuiteRunner.privateRun(SuiteRunner.java:373)
at org.testng.SuiteRunner.run(SuiteRunner.java:312)
at org.testng.SuiteRunnerWorker.runSuite(SuiteRunnerWorker.java:52)
at org.testng.SuiteRunnerWorker.run(SuiteRunnerWorker.java:95)
at org.testng.TestNG.runSuitesSequentially(TestNG.java:1274)
at org.testng.TestNG.runSuitesLocally(TestNG.java:1208)
at org.testng.TestNG.runSuites(TestNG.java:1112)
at org.testng.TestNG.run(TestNG.java:1079)
at org.testng.remote.AbstractRemoteTestNG.run(AbstractRemoteTestNG.java:115)
at org.testng.remote.RemoteTestNG.initAndRun(RemoteTestNG.java:293)
at org.testng.remote.RemoteTestNG.main(RemoteTestNG.java:91)
]]>
            </full-stacktrace>
          </exception> <!-- java.lang.AssertionError -->
          <reporter-output>
            <line>
              <![CDATA[User Name user1]]>
            </line>
            <line>
              <![CDATA[Password pwd1]]>
            </line>
            <line>
              <![CDATA[<a href='file:///C:/Users/Admin/Desktop/Slenium/fb-inputbox.png'><img src='file:///C:/Users/Admin/Desktop/Slenium/fb-inputbox.png' height=100 width=100> </a>]]>
            </line>
            <line>
              <![CDATA[Test case failed]]>
            </line>
          </reporter-output>
        </test-method> <!-- checkOut -->
        <test-method signature="paymentGateWay()[pri:0, instance:day22.DemoF@1f2586d6]" started-at="2025-10-30T07:49:24 IST" name="paymentGateWay" finished-at="2025-10-30T07:49:24 IST" duration-ms="3" status="SKIP">
          <exception class="org.testng.SkipException">
            <message>
              <![CDATA[Pay ment gateway skipped]]>
            </message>
            <full-stacktrace>
              <![CDATA[org.testng.SkipException: Pay ment gateway skipped
at day22.DemoF.paymentGateWay(DemoF.java:36)
at java.base/jdk.internal.reflect.DirectMethodHandleAccessor.invoke(DirectMethodHandleAccessor.java:103)
at java.base/java.lang.reflect.Method.invoke(Method.java:580)
at org.testng.internal.invokers.MethodInvocationHelper.invokeMethod(MethodInvocationHelper.java:141)
at org.testng.internal.invokers.TestInvoker.invokeMethod(TestInvoker.java:687)
at org.testng.internal.invokers.TestInvoker.invokeTestMethod(TestInvoker.java:230)
at org.testng.internal.invokers.MethodRunner.runInSequence(MethodRunner.java:63)
at org.testng.internal.invokers.TestInvoker$MethodInvocationAgent.invoke(TestInvoker.java:995)
at org.testng.internal.invokers.TestInvoker.invokeTestMethods(TestInvoker.java:203)
at org.testng.internal.invokers.TestMethodWorker.invokeTestMethods(TestMethodWorker.java:154)
at org.testng.internal.invokers.TestMethodWorker.run(TestMethodWorker.java:134)
at java.base/java.util.ArrayList.forEach(ArrayList.java:1597)
at org.testng.TestRunner.privateRun(TestRunner.java:741)
at org.testng.TestRunner.run(TestRunner.java:616)
at org.testng.SuiteRunner.runTest(SuiteRunner.java:421)
at org.testng.SuiteRunner.runSequentially(SuiteRunner.java:413)
at org.testng.SuiteRunner.privateRun(SuiteRunner.java:373)
at org.testng.SuiteRunner.run(SuiteRunner.java:312)
at org.testng.SuiteRunnerWorker.runSuite(SuiteRunnerWorker.java:52)
at org.testng.SuiteRunnerWorker.run(SuiteRunnerWorker.java:95)
at org.testng.TestNG.runSuitesSequentially(TestNG.java:1274)
at org.testng.TestNG.runSuitesLocally(TestNG.java:1208)
at org.testng.TestNG.runSuites(TestNG.java:1112)
at org.testng.TestNG.run(TestNG.java:1079)
at org.testng.remote.AbstractRemoteTestNG.run(AbstractRemoteTestNG.java:115)
at org.testng.remote.RemoteTestNG.initAndRun(RemoteTestNG.java:293)
at org.testng.remote.RemoteTestNG.main(RemoteTestNG.java:91)
]]>
            </full-stacktrace>
          </exception> <!-- org.testng.SkipException -->
          <reporter-output>
            <line>
              <![CDATA[Test case skipped]]>
            </line>
          </reporter-output>
        </test-method> <!-- paymentGateWay -->
      </class> <!-- day22.DemoF -->
    </test> <!-- TestA -->
  </suite> <!-- Suite -->
</testng-results>
