<?xml version="1.0" encoding="UTF-8"?>
<!-- Generated by org.testng.reporters.JUnitReportReporter -->
<testsuite hostname="DESKTOP-PTDKR5H" failures="0" tests="2" name="day21.DemoB" time="0.010" errors="0" timestamp="2025-10-27T08:07:38 IST" skipped="0">
  <testcase classname="day21.DemoB" name="testA" time="0.008">
    <system-out>
      <![CDATA[This is a testA() method from DemoA]]>
    </system-out>
  </testcase> <!-- testA -->
  <testcase classname="day21.DemoB" name="testB" time="0.002">
    <system-out>
      <![CDATA[This is a testB() method from DemoA]]>
    </system-out>
  </testcase> <!-- testB -->
  <system-out>
    <![CDATA[Get config for suite run
Launch the browser
Open the application
Login to the application
This is a testA() method from DemoA
Logout from the application
Login to the application
This is a testB() method from DemoA
Logout from the application
Close the application
Close the browser
close config for suite run]]>
  </system-out>
</testsuite> <!-- day21.DemoB -->
