<?xml version="1.0" encoding="UTF-8"?>
<!-- Generated by org.testng.reporters.JUnitReportReporter -->
<testsuite hostname="DESKTOP-PTDKR5H" failures="0" tests="1" name="day20.DemoB" time="0.002" errors="0" timestamp="2025-10-26T09:26:21 IST" skipped="0">
  <testcase classname="day20.DemoB" name="testC" time="0.002">
    <system-out>
      <![CDATA[Executing testC() from DemoB]]>
    </system-out>
  </testcase> <!-- testC -->
  <system-out>
    <![CDATA[Executing testB() from DemoA
Executing testA() from DemoA
Executing testC() from DemoB]]>
  </system-out>
</testsuite> <!-- day20.DemoB -->
