<?xml version="1.0" encoding="UTF-8"?>
<!-- Generated by org.testng.reporters.JUnitReportReporter -->
<testsuite hostname="DESKTOP-PTDKR5H" failures="0" tests="2" name="day20.DemoA" time="0.020" errors="0" timestamp="2025-10-26T09:26:21 IST" skipped="0">
  <testcase classname="day20.DemoA" name="testB" time="0.017">
    <system-out>
      <![CDATA[Executing testB() from DemoA]]>
    </system-out>
  </testcase> <!-- testB -->
  <testcase classname="day20.DemoA" name="testA" time="0.003">
    <system-out>
      <![CDATA[Executing testA() from DemoA]]>
    </system-out>
  </testcase> <!-- testA -->
  <system-out>
    <![CDATA[Executing testB() from DemoA
Executing testA() from DemoA
Executing testC() from DemoB]]>
  </system-out>
</testsuite> <!-- day20.DemoA -->
