<?xml version="1.0" encoding="UTF-8"?>
<!-- Generated by org.testng.reporters.JUnitReportReporter -->
<testsuite hostname="DESKTOP-PTDKR5H" failures="1" tests="3" name="day22.DemoF" time="0.032" errors="0" timestamp="2025-10-30T07:49:24 IST" skipped="1">
  <testcase classname="day22.DemoF" name="shopping" time="0.023">
    <system-out>
      <![CDATA[browserName firefox
url https://demo.automationtesting.in/Register.html
Shopping
<a href='file:///C:/Users/Admin/Desktop/Slenium/fb-inputbox.png'><img src='file:///C:/Users/Admin/Desktop/Slenium/fb-inputbox.png' height=100 width=100> </a>
Test case passed]]>
    </system-out>
  </testcase> <!-- shopping -->
  <testcase classname="day22.DemoF" name="checkOut" time="0.006">
    <failure message="null" type="java.lang.AssertionError">
      <![CDATA[java.lang.AssertionError: null
at org.testng.Assert.fail(Assert.java:111)
at org.testng.Assert.fail(Assert.java:116)
at day22.DemoF.checkOut(DemoF.java:28)
at java.base/jdk.internal.reflect.DirectMethodHandleAccessor.invoke(DirectMethodHandleAccessor.java:103)
at java.base/java.lang.reflect.Method.invoke(Method.java:580)
at org.testng.internal.invokers.MethodInvocationHelper.invokeMethod(MethodInvocationHelper.java:141)
at org.testng.internal.invokers.TestInvoker.invokeMethod(TestInvoker.java:687)
at org.testng.internal.invokers.TestInvoker.invokeTestMethod(TestInvoker.java:230)
at org.testng.internal.invokers.MethodRunner.runInSequence(MethodRunner.java:63)
at org.testng.internal.invokers.TestInvoker$MethodInvocationAgent.invoke(TestInvoker.java:995)
at org.testng.internal.invokers.TestInvoker.invokeTestMethods(TestInvoker.java:203)
at org.testng.internal.invokers.TestMethodWorker.invokeTestMethods(TestMethodWorker.java:154)
at org.testng.internal.invokers.TestMethodWorker.run(TestMethodWorker.java:134)
at java.base/java.util.ArrayList.forEach(ArrayList.java:1597)
at org.testng.TestRunner.privateRun(TestRunner.java:741)
at org.testng.TestRunner.run(TestRunner.java:616)
at org.testng.SuiteRunner.runTest(SuiteRunner.java:421)
at org.testng.SuiteRunner.runSequentially(SuiteRunner.java:413)
at org.testng.SuiteRunner.privateRun(SuiteRunner.java:373)
at org.testng.SuiteRunner.run(SuiteRunner.java:312)
at org.testng.SuiteRunnerWorker.runSuite(SuiteRunnerWorker.java:52)
at org.testng.SuiteRunnerWorker.run(SuiteRunnerWorker.java:95)
at org.testng.TestNG.runSuitesSequentially(TestNG.java:1274)
at org.testng.TestNG.runSuitesLocally(TestNG.java:1208)
at org.testng.TestNG.runSuites(TestNG.java:1112)
at org.testng.TestNG.run(TestNG.java:1079)
at org.testng.remote.AbstractRemoteTestNG.run(AbstractRemoteTestNG.java:115)
at org.testng.remote.RemoteTestNG.initAndRun(RemoteTestNG.java:293)
at org.testng.remote.RemoteTestNG.main(RemoteTestNG.java:91)
]]>
    </failure>
    <system-out>
      <![CDATA[User Name user1
Password pwd1
<a href='file:///C:/Users/Admin/Desktop/Slenium/fb-inputbox.png'><img src='file:///C:/Users/Admin/Desktop/Slenium/fb-inputbox.png' height=100 width=100> </a>
Test case failed]]>
    </system-out>
  </testcase> <!-- checkOut -->
  <testcase classname="day22.DemoF" name="paymentGateWay" time="0.003">
    <skipped/>
    <system-out>
      <![CDATA[Test case skipped]]>
    </system-out>
  </testcase> <!-- paymentGateWay -->
  <system-out>
    <![CDATA[browserName firefox
url https://demo.automationtesting.in/Register.html
Shopping
<a href='file:///C:/Users/Admin/Desktop/Slenium/fb-inputbox.png'><img src='file:///C:/Users/Admin/Desktop/Slenium/fb-inputbox.png' height=100 width=100> </a>
Test case passed
User Name user1
Password pwd1
<a href='file:///C:/Users/Admin/Desktop/Slenium/fb-inputbox.png'><img src='file:///C:/Users/Admin/Desktop/Slenium/fb-inputbox.png' height=100 width=100> </a>
Test case failed
Test case skipped]]>
  </system-out>
</testsuite> <!-- day22.DemoF -->
